<?xml version="1.0" encoding="UTF-8"?>
<!-- Generated by org.testng.reporters.JUnitXMLReporter -->
<testsuite hostname="DESKTOP-Q68S5II" ignored="0" name="Default test" tests="8" failures="0" timestamp="2020-10-28T16:54:46 CDT" time="374.118" errors="0">
  <testcase name="PurchaseSmall" time="39.626" classname="scripts.TestScripts"/>
  <testcase name="purchasemedium" time="40.931" classname="scripts.TestScripts"/>
  <testcase name="purchaselarge" time="43.251" classname="scripts.TestScripts"/>
  <testcase name="dresscasualdresssmallsize" time="60.933" classname="scripts.TestScripts"/>
  <testcase name="dresscasualdressmediumsize" time="62.375" classname="scripts.TestScripts"/>
  <testcase name="dresscasualdressLargesize" time="52.821" classname="scripts.TestScripts"/>
  <testcase name="ClickMyAddress" time="15.178" classname="scripts.TestScripts"/>
  <testcase name="ClickMyPersonalInfo" time="15.606" classname="scripts.TestScripts"/>
</testsuite> <!-- Default test -->
