<?xml version="1.0" encoding="UTF-8"?>
<!-- Generated by org.testng.reporters.JUnitXMLReporter -->
<testsuite hostname="DESKTOP-Q68S5II" ignored="0" name="Test" tests="8" failures="0" timestamp="2020-10-28T22:30:59 CDT" time="400.926" errors="0">
  <testcase name="PurchaseSmall" time="42.901" classname="scripts.TestScripts"/>
  <testcase name="purchasemedium" time="42.195" classname="scripts.TestScripts"/>
  <testcase name="purchaselarge" time="41.524" classname="scripts.TestScripts"/>
  <testcase name="dresscasualdresssmallsize" time="65.418" classname="scripts.TestScripts"/>
  <testcase name="dresscasualdressmediumsize" time="62.906" classname="scripts.TestScripts"/>
  <testcase name="dresscasualdressLargesize" time="55.598" classname="scripts.TestScripts"/>
  <testcase name="ClickMyAddress" time="16.372" classname="scripts.TestScripts"/>
  <testcase name="ClickMyPersonalInfo" time="15.911" classname="scripts.TestScripts"/>
</testsuite> <!-- Test -->
