<?xml version="1.0" encoding="UTF-8"?>
<!-- Generated by org.testng.reporters.JUnitXMLReporter -->
<testsuite hostname="DESKTOP-Q68S5II" name="Test" tests="8" failures="0" timestamp="29 Oct 2020 03:40:37 GMT" time="390.939" errors="0">
  <testcase name="PurchaseSmall" time="42.324" classname="scripts.TestScripts"/>
  <testcase name="purchasemedium" time="40.956" classname="scripts.TestScripts"/>
  <testcase name="purchaselarge" time="40.461" classname="scripts.TestScripts"/>
  <testcase name="dresscasualdresssmallsize" time="63.455" classname="scripts.TestScripts"/>
  <testcase name="dresscasualdressmediumsize" time="63.05" classname="scripts.TestScripts"/>
  <testcase name="dresscasualdressLargesize" time="55.523" classname="scripts.TestScripts"/>
  <testcase name="ClickMyAddress" time="17.015" classname="scripts.TestScripts"/>
  <testcase name="ClickMyPersonalInfo" time="16.038" classname="scripts.TestScripts"/>
</testsuite> <!-- Test -->
