<?xml version="1.0" encoding="UTF-8"?>
<testsuite xmlns:xsi="http://www.w3.org/2001/XMLSchema-instance" xsi:noNamespaceSchemaLocation="https://maven.apache.org/surefire/maven-surefire-plugin/xsd/surefire-test-report-3.0.xsd" version="3.0" name="TestSuite" time="391.939" tests="8" errors="0" skipped="0" failures="0">
  <properties>
[...]
</properties>
  <testcase name="PurchaseSmall" classname="scripts.TestScripts" time="42.283">
    <system-out><![CDATA[Title is matching: My Store
]]></system-out>
    <system-err><![CDATA[1603942447031	mozrunner::runner	INFO	Running command: "C:\\Program Files\\Mozilla Firefox\\firefox.exe" "-marionette" "-foreground" "-no-remote" "-profile" "C:\\Users\\svela\\AppData\\Local\\Temp\\rust_mozprofileuPPUyV"
Can't find symbol 'eglSwapBuffersWithDamageEXT'.
JavaScript error: resource://gre/modules/XULStore.jsm, line 66: Error: Can't find profile directory.
console.warn: SearchSettings: "get: No settings file exists, new profile?" (new Error("", "(unknown module)"))
1603942449114	Marionette	INFO	Listening on port 54990
1603942449181	Marionette	WARN	TLS certificate errors will be ignored for this session
Oct 28, 2020 10:34:09 PM org.openqa.selenium.remote.ProtocolHandshake createSession
INFO: Detected dialect: W3C
]]></system-err>
  </testcase>
  <testcase name="purchasemedium" classname="scripts.TestScripts" time="40.895">
    <system-err><![CDATA[1603942494775	Marionette	INFO	Stopped listening on port 54990

###!!! [Child][RunMessage] Error: Channel closing: too late to send/recv, messages will be lost


###!!! [Child][MessageChannel::SendAndWait] Error: Channel error: cannot send/recv

1603942495914	mozrunner::runner	INFO	Running command: "C:\\Program Files\\Mozilla Firefox\\firefox.exe" "-marionette" "-foreground" "-no-remote" "-profile" "C:\\Users\\svela\\AppData\\Local\\Temp\\rust_mozprofileLstsws"
Can't find symbol 'eglSwapBuffersWithDamageEXT'.
JavaScript error: resource://gre/modules/XULStore.jsm, line 66: Error: Can't find profile directory.
console.warn: SearchSettings: "get: No settings file exists, new profile?" (new Error("", "(unknown module)"))
1603942498010	Marionette	INFO	Listening on port 55061
1603942498073	Marionette	WARN	TLS certificate errors will be ignored for this session
Oct 28, 2020 10:34:58 PM org.openqa.selenium.remote.ProtocolHandshake createSession
INFO: Detected dialect: W3C
]]></system-err>
  </testcase>
  <testcase name="purchaselarge" classname="scripts.TestScripts" time="40.413">
    <system-err><![CDATA[1603942542488	Marionette	INFO	Stopped listening on port 55061

###!!! [Child][RunMessage] Error: Channel closing: too late to send/recv, messages will be lost


###!!! [Child][MessageChannel::SendAndWait] Error: Channel error: cannot send/recv

1603942543631	mozrunner::runner	INFO	Running command: "C:\\Program Files\\Mozilla Firefox\\firefox.exe" "-marionette" "-foreground" "-no-remote" "-profile" "C:\\Users\\svela\\AppData\\LCleaning up unclosed ZipFile for archive D:\YourLoGo\YourLoGo123\data\DataExcel.xlsx
ocal\\Temp\\rust_mozprofilehwrERd"
Cleaning up unclosed ZipFile for archive D:\YourLoGo\YourLoGo123\data\DataExcel.xlsx
Cleaning up unclosed ZipFile for archive D:\YourLoGo\YourLoGo123\data\DataExcel.xlsx
Cleaning up unclosed ZipFile for archive D:\YourLoGo\YourLoGo123\data\DataExcel.xlsx
Can't find symbol 'eglSwapBuffersWithDamageEXT'.
JavaScript error: resource://gre/modules/XULStore.jsm, line 66: Error: Can't find profile directory.
console.warn: SearchSettings: "get: No settings file exists, new profile?" (new Error("", "(unknown module)"))
1603942545650	Marionette	INFO	Listening on port 55132
1603942545678	Marionette	WARN	TLS certificate errors will be ignored for this session
Oct 28, 2020 10:35:45 PM org.openqa.selenium.remote.ProtocolHandshake createSession
INFO: Detected dialect: W3C
]]></system-err>
  </testcase>
  <testcase name="dresscasualdresssmallsize" classname="scripts.TestScripts" time="63.445">
    <system-err><![CDATA[1603942590216	Marionette	INFO	Stopped listening on port 55132

###!!! [Child][RunMessage] Error: Channel closing: too late to send/recv, messages will be lost


###!!! [Child][MessageChannel::SendAndWait] Error: Channel error: cannot send/recv

1603942591335	mozrunner::runner	INFO	Running command: "C:\\Program Files\\Mozilla Firefox\\firefox.exe" "-marionette" "-foreground" "-no-remote" "-profile" "C:\\Users\\svela\\AppData\\Local\\Temp\\rust_mozprofile4IOFog"
Can't find symbol 'eglSwapBuffersWithDamageEXT'.
JavaScript error: resource://gre/modules/XULStore.jsm, line 66: Error: Can't find profile directory.
console.warn: SearchSettings: "get: No settings file exists, new profile?" (new Error("", "(unknown module)"))
1603942593445	Marionette	INFO	Listening on port 55196
1603942593507	Marionette	WARN	TLS certificate errors will be ignored for this session
Oct 28, 2020 10:36:33 PM org.openqa.selenium.remote.ProtocolHandshake createSession
INFO: Detected dialect: W3C
]]></system-err>
  </testcase>
  <testcase name="dresscasualdressmediumsize" classname="scripts.TestScripts" time="63.026">
    <system-err><![CDATA[1603942659433	Marionette	INFO	Stopped listening on port 55196

###!!! [Child][RunMessage] Error: Channel closing: too late to send/recv, messages will be lost


###!!! [Child][MessageChannel::SendAndWait] Error: Channel error: cannot send/recv

1603942660567	mozrunner::runner	INFO	Running command: "C:\\Program Files\\Mozilla Firefox\\firefox.exe" "-marionette" "-foreground" "-no-remote" "-profile" "C:\\Users\\svela\\AppData\\Local\\Temp\\rust_mozprofileqkRNES"
Can't find symbol 'eglSwapBuffersWithDamageEXT'.
JavaScript error: resource://gre/modules/XULStore.jsm, line 66: Error: Can't find profile directory.
console.warn: SearchSettings: "get: No settings file exists, new profile?" (new Error("", "(unknown module)"))
1603942662605	Marionette	INFO	Listening on port 55277
1603942662717	Marionette	WARN	TLS certificate errors will be ignored for this session
Oct 28, 2020 10:37:42 PM org.openqa.selenium.remote.ProtocolHandshake createSession
INFO: Detected dialect: W3C
]]></system-err>
  </testcase>
  <testcase name="dresscasualdressLargesize" classname="scripts.TestScripts" time="55.49">
    <system-err><![CDATA[1603942729461	Marionette	INFO	Stopped listening on port 55277

###!!! [Child][RunMessage] Error: Channel closing: too late to send/recv, messages will be lost


###!!! [Child][MessageChannel::SendAndWait] Error: Channel error: cannot send/recv

1603942730572	mozrunner::runner	INFO	Running command: "C:\\Program Files\\Mozilla Firefox\\firefox.exe" "-marionette" "-foreground" "-no-remote" "-profile" "C:\\Users\\svela\\AppData\\Local\\Temp\\rust_mozprofilefbbHIp"
Can't find symbol 'eglSwapBuffersWithDamageEXT'.
JavaScript error: resource://gre/modules/XULStore.jsm, line 66: Error: Can't find profile directory.
console.warn: SearchSettings: "get: No settings file exists, new profile?" (new Error("", "(unknown module)"))
1603942732639	Marionette	INFO	Listening on port 55357
1603942732729	Marionette	WARN	TLS certificate errors will be ignored for this session
Oct 28, 2020 10:38:52 PM org.openqa.selenium.remote.ProtocolHandshake createSession
INFO: Detected dialect: W3C
]]></system-err>
  </testcase>
  <testcase name="ClickMyAddress" classname="scripts.TestScripts" time="17.01">
    <system-err><![CDATA[1603942791344	Marionette	INFO	Stopped listening on port 55357
Cleaning up unclosed ZipFile for archive D:\YourLoGo\YourLoGo123\data\DataExcel.xlsx
Cleaning up unclosed ZipFile for archive D:\YourLoGo\YourLoGo123\data\DataExcel.xlsx
Cleaning up unclosed ZipFile for archive D:\YourLoGo\YourLoGo123\data\DataExcel.xlsx
Cleaning up unclosed ZipFile for archive D:\YourLoGo\YourLoGo123\data\DataExcel.xlsx
Cleaning up unclosed ZipFile for archive D:\YourLoGo\YourLoGo123\data\DataExcel.xlsx
Cleaning up unclosed ZipFile for archive D:\YourLoGo\YourLoGo123\data\DataExcel.xlsx
Cleaning up unclosed ZipFile for archive D:\YourLoGo\YourLoGo123\data\DataExcel.xlsx
Cleaning up unclosed ZipFile for archive D:\YourLoGo\YourLoGo123\data\DataExcel.xlsx

###!!! [Child][RunMessage] Error: Channel closing: too late to send/recv, messages will be lost


###!!! [Child][MessageChannel::SendAndWait] Error: Channel error: cannot send/recv

1603942792479	mozrunner::runner	INFO	Running command: "C:\\Program Files\\Mozilla Firefox\\firefox.exe" "-marionette" "-foreground" "-no-remote" "-profile" "C:\\Users\\svela\\AppData\\Local\\Temp\\rust_mozprofileI6sk6a"
Can't find symbol 'eglSwapBuffersWithDamageEXT'.
JavaScript error: resource://gre/modules/XULStore.jsm, line 66: Error: Can't find profile directory.
console.warn: SearchSettings: "get: No settings file exists, new profile?" (new Error("", "(unknown module)"))
1603942794657	Marionette	INFO	Listening on port 55437
1603942795154	Marionette	WARN	TLS certificate errors will be ignored for this session
Oct 28, 2020 10:39:55 PM org.openqa.selenium.remote.ProtocolHandshake createSession
INFO: Detected dialect: W3C
]]></system-err>
  </testcase>
  <testcase name="ClickMyPersonalInfo" classname="scripts.TestScripts" time="16.03">
    <system-err><![CDATA[1603942814735	Marionette	INFO	Stopped listening on port 55437

###!!! [Child][RunMessage] Error: Channel closing: too late to send/recv, messages will be lost


###!!! [Child][MessageChannel::SendAndWait] Error: Channel error: cannot send/recv

1603942815792	mozrunner::runner	INFO	Running command: "C:\\Program Files\\Mozilla Firefox\\firefox.exe" "-marionette" "-foreground" "-no-remote" "-profile" "C:\\Users\\svela\\AppData\\Local\\Temp\\rust_mozprofileDswA2y"
Can't find symbol 'eglSwapBuffersWithDamageEXT'.
JavaScript error: resource://gre/modules/XULStore.jsm, line 66: Error: Can't find profile directory.
console.warn: SearchSettings: "get: No settings file exists, new profile?" (new Error("", "(unknown module)"))
1603942817884	Marionette	INFO	Listening on port 55500
1603942817949	Marionette	WARN	TLS certificate errors will be ignored for this session
Oct 28, 2020 10:40:17 PM org.openqa.selenium.remote.ProtocolHandshake createSession
INFO: Detected dialect: W3C
]]></system-err>
  </testcase>
</testsuite>